# JRE version: OpenJDK Runtime Environment (8.0_392-b08) (build 1.8.0_392-b08)
# Java VM: OpenJDK 64-Bit Server VM (25.392-b08 mixed mode linux-amd64 compressed oops)
Heap:
 PSYoungGen      total 1074688K, used 800K [0x0000000671400000, 0x00000006b5700000, 0x00000007c0000000)
  eden space 1032192K, 0% used [0x0000000671400000,0x0000000671400000,0x00000006b0400000)
  from space 42496K, 1% used [0x00000006b0400000,0x00000006b04c8000,0x00000006b2d80000)
  to   space 42496K, 0% used [0x00000006b2d80000,0x00000006b2d80000,0x00000006b5700000)
 ParOldGen       total 687104K, used 16K [0x00000003d3c00000, 0x00000003fdb00000, 0x0000000671400000)
  object space 687104K, 0% used [0x00000003d3c00000,0x00000003d3c04000,0x00000003fdb00000)
 Metaspace       used 5932K, capacity 6140K, committed 6400K, reserved 1056768K
  class space    used 634K, capacity 700K, committed 768K, reserved 1048576K
GC Heap History (9 events):
Event: 0.464 GC heap before
{Heap before GC invocations=1 (full 0):
 PSYoungGen      total 300544K, used 258048K [0x0000000671400000, 0x0000000686300000, 0x00000007c0000000)
  eden space 258048K, 100% used [0x0000000671400000,0x0000000681000000,0x0000000681000000)
  from space 42496K, 0% used [0x0000000683980000,0x0000000683980000,0x0000000686300000)
  to   space 42496K, 0% used [0x0000000681000000,0x0000000681000000,0x0000000683980000)
 ParOldGen       total 687104K, used 0K [0x00000003d3c00000, 0x00000003fdb00000, 0x0000000671400000)
  object space 687104K, 0% used [0x00000003d3c00000,0x00000003d3c00000,0x00000003fdb00000)
 Metaspace       used 5927K, capacity 6140K, committed 6400K, reserved 1056768K
  class space    used 634K, capacity 700K, committed 768K, reserved 1048576K
Event: 0.469 GC heap after
Heap after GC invocations=1 (full 0):
 PSYoungGen      total 300544K, used 1168K [0x0000000671400000, 0x0000000695f00000, 0x00000007c0000000)
  eden space 258048K, 0% used [0x0000000671400000,0x0000000671400000,0x0000000681000000)
  from space 42496K, 2% used [0x0000000681000000,0x0000000681124010,0x0000000683980000)
  to   space 42496K, 0% used [0x0000000693580000,0x0000000693580000,0x0000000695f00000)
 ParOldGen       total 687104K, used 8K [0x00000003d3c00000, 0x00000003fdb00000, 0x0000000671400000)
  object space 687104K, 0% used [0x00000003d3c00000,0x00000003d3c02000,0x00000003fdb00000)
 Metaspace       used 5927K, capacity 6140K, committed 6400K, reserved 1056768K
  class space    used 634K, capacity 700K, committed 768K, reserved 1048576K
}
Event: 0.558 GC heap before
{Heap before GC invocations=2 (full 0):
 PSYoungGen      total 300544K, used 259216K [0x0000000671400000, 0x0000000695f00000, 0x00000007c0000000)
  eden space 258048K, 100% used [0x0000000671400000,0x0000000681000000,0x0000000681000000)
  from space 42496K, 2% used [0x0000000681000000,0x0000000681124010,0x0000000683980000)
  to   space 42496K, 0% used [0x0000000693580000,0x0000000693580000,0x0000000695f00000)
 ParOldGen       total 687104K, used 8K [0x00000003d3c00000, 0x00000003fdb00000, 0x0000000671400000)
  object space 687104K, 0% used [0x00000003d3c00000,0x00000003d3c02000,0x00000003fdb00000)
 Metaspace       used 5932K, capacity 6140K, committed 6400K, reserved 1056768K
  class space    used 634K, capacity 700K, committed 768K, reserved 1048576K
Event: 0.562 GC heap after
Heap after GC invocations=2 (full 0):
 PSYoungGen      total 558592K, used 768K [0x0000000671400000, 0x0000000695f00000, 0x00000007c0000000)
  eden space 516096K, 0% used [0x0000000671400000,0x0000000671400000,0x0000000690c00000)
  from space 42496K, 1% used [0x0000000693580000,0x0000000693640020,0x0000000695f00000)
  to   space 42496K, 0% used [0x0000000690c00000,0x0000000690c00000,0x0000000693580000)
 ParOldGen       total 687104K, used 16K [0x00000003d3c00000, 0x00000003fdb00000, 0x0000000671400000)
  object space 687104K, 0% used [0x00000003d3c00000,0x00000003d3c04000,0x00000003fdb00000)
 Metaspace       used 5932K, capacity 6140K, committed 6400K, reserved 1056768K
  class space    used 634K, capacity 700K, committed 768K, reserved 1048576K
}
Event: 0.861 GC heap before
{Heap before GC invocations=3 (full 0):
 PSYoungGen      total 558592K, used 516864K [0x0000000671400000, 0x0000000695f00000, 0x00000007c0000000)
  eden space 516096K, 100% used [0x0000000671400000,0x0000000690c00000,0x0000000690c00000)
  from space 42496K, 1% used [0x0000000693580000,0x0000000693640020,0x0000000695f00000)
  to   space 42496K, 0% used [0x0000000690c00000,0x0000000690c00000,0x0000000693580000)
 ParOldGen       total 687104K, used 16K [0x00000003d3c00000, 0x00000003fdb00000, 0x0000000671400000)
  object space 687104K, 0% used [0x00000003d3c00000,0x00000003d3c04000,0x00000003fdb00000)
 Metaspace       used 5932K, capacity 6140K, committed 6400K, reserved 1056768K
  class space    used 634K, capacity 700K, committed 768K, reserved 1048576K
Event: 0.864 GC heap after
Heap after GC invocations=3 (full 0):
 PSYoungGen      total 558592K, used 752K [0x0000000671400000, 0x00000006b5700000, 0x00000007c0000000)
  eden space 516096K, 0% used [0x0000000671400000,0x0000000671400000,0x0000000690c00000)
  from space 42496K, 1% used [0x0000000690c00000,0x0000000690cbc010,0x0000000693580000)
  to   space 42496K, 0% used [0x00000006b2d80000,0x00000006b2d80000,0x00000006b5700000)
 ParOldGen       total 687104K, used 16K [0x00000003d3c00000, 0x00000003fdb00000, 0x0000000671400000)
  object space 687104K, 0% used [0x00000003d3c00000,0x00000003d3c04000,0x00000003fdb00000)
 Metaspace       used 5932K, capacity 6140K, committed 6400K, reserved 1056768K
  class space    used 634K, capacity 700K, committed 768K, reserved 1048576K
}
Event: 1.029 GC heap before
{Heap before GC invocations=4 (full 0):
 PSYoungGen      total 558592K, used 516848K [0x0000000671400000, 0x00000006b5700000, 0x00000007c0000000)
  eden space 516096K, 100% used [0x0000000671400000,0x0000000690c00000,0x0000000690c00000)
  from space 42496K, 1% used [0x0000000690c00000,0x0000000690cbc010,0x0000000693580000)
  to   space 42496K, 0% used [0x00000006b2d80000,0x00000006b2d80000,0x00000006b5700000)
 ParOldGen       total 687104K, used 16K [0x00000003d3c00000, 0x00000003fdb00000, 0x0000000671400000)
  object space 687104K, 0% used [0x00000003d3c00000,0x00000003d3c04000,0x00000003fdb00000)
 Metaspace       used 5932K, capacity 6140K, committed 6400K, reserved 1056768K
  class space    used 634K, capacity 700K, committed 768K, reserved 1048576K
Event: 1.032 GC heap after
Heap after GC invocations=4 (full 0):
 PSYoungGen      total 1074688K, used 752K [0x0000000671400000, 0x00000006b5700000, 0x00000007c0000000)
  eden space 1032192K, 0% used [0x0000000671400000,0x0000000671400000,0x00000006b0400000)
  from space 42496K, 1% used [0x00000006b2d80000,0x00000006b2e3c010,0x00000006b5700000)
  to   space 42496K, 0% used [0x00000006b0400000,0x00000006b0400000,0x00000006b2d80000)
 ParOldGen       total 687104K, used 16K [0x00000003d3c00000, 0x00000003fdb00000, 0x0000000671400000)
  object space 687104K, 0% used [0x00000003d3c00000,0x00000003d3c04000,0x00000003fdb00000)
 Metaspace       used 5932K, capacity 6140K, committed 6400K, reserved 1056768K
  class space    used 634K, capacity 700K, committed 768K, reserved 1048576K
}
Event: 1.625 GC heap before
{Heap before GC invocations=5 (full 0):
 PSYoungGen      total 1074688K, used 1032944K [0x0000000671400000, 0x00000006b5700000, 0x00000007c0000000)
  eden space 1032192K, 100% used [0x0000000671400000,0x00000006b0400000,0x00000006b0400000)
  from space 42496K, 1% used [0x00000006b2d80000,0x00000006b2e3c010,0x00000006b5700000)
  to   space 42496K, 0% used [0x00000006b0400000,0x00000006b0400000,0x00000006b2d80000)
 ParOldGen       total 687104K, used 16K [0x00000003d3c00000, 0x00000003fdb00000, 0x0000000671400000)
  object space 687104K, 0% used [0x00000003d3c00000,0x00000003d3c04000,0x00000003fdb00000)
 Metaspace       used 5932K, capacity 6140K, committed 6400K, reserved 1056768K
  class space    used 634K, capacity 700K, committed 768K, reserved 1048576K

